<?xml version="1.0" encoding="UTF-8"?>
<testng-results skipped="0" failed="1" ignored="0" total="6" passed="5">
  <reporter-output>
  </reporter-output>
  <suite name="Default suite" duration-ms="354" started-at="2023-02-21T21:24:02 IST" finished-at="2023-02-21T21:24:02 IST">
    <groups>
    </groups>
    <test name="Default test" duration-ms="354" started-at="2023-02-21T21:24:02 IST" finished-at="2023-02-21T21:24:02 IST">
      <class name="b1_listenerTest.A1_SampleTest">
        <test-method status="PASS" signature="loginApp()[pri:1, instance:b1_listenerTest.A1_SampleTest@1060b431]" name="loginApp" duration-ms="50" started-at="2023-02-21T21:24:02 IST" finished-at="2023-02-21T21:24:02 IST">
          <reporter-output>
          </reporter-output>
        </test-method> <!-- loginApp -->
        <test-method status="FAIL" signature="searchProduct()[pri:2, instance:b1_listenerTest.A1_SampleTest@1060b431]" name="searchProduct" duration-ms="6" started-at="2023-02-21T21:24:02 IST" finished-at="2023-02-21T21:24:02 IST">
          <exception class="java.lang.ArithmeticException">
            <message>
              <![CDATA[/ by zero]]>
            </message>
            <full-stacktrace>
              <![CDATA[java.lang.ArithmeticException: / by zero
at b1_listenerTest.A1_SampleTest.searchProduct(A1_SampleTest.java:15)
at sun.reflect.NativeMethodAccessorImpl.invoke0(Native Method)
at sun.reflect.NativeMethodAccessorImpl.invoke(Unknown Source)
at sun.reflect.DelegatingMethodAccessorImpl.invoke(Unknown Source)
at java.lang.reflect.Method.invoke(Unknown Source)
at org.testng.internal.MethodInvocationHelper.invokeMethod(MethodInvocationHelper.java:133)
at org.testng.internal.TestInvoker.invokeMethod(TestInvoker.java:598)
at org.testng.internal.TestInvoker.invokeTestMethod(TestInvoker.java:173)
at org.testng.internal.MethodRunner.runInSequence(MethodRunner.java:46)
at org.testng.internal.TestInvoker$MethodInvocationAgent.invoke(TestInvoker.java:824)
at org.testng.internal.TestInvoker.invokeTestMethods(TestInvoker.java:146)
at org.testng.internal.TestMethodWorker.invokeTestMethods(TestMethodWorker.java:146)
at org.testng.internal.TestMethodWorker.run(TestMethodWorker.java:128)
at java.util.ArrayList.forEach(Unknown Source)
at org.testng.TestRunner.privateRun(TestRunner.java:794)
at org.testng.TestRunner.run(TestRunner.java:596)
at org.testng.SuiteRunner.runTest(SuiteRunner.java:377)
at org.testng.SuiteRunner.runSequentially(SuiteRunner.java:371)
at org.testng.SuiteRunner.privateRun(SuiteRunner.java:332)
at org.testng.SuiteRunner.run(SuiteRunner.java:276)
at org.testng.SuiteRunnerWorker.runSuite(SuiteRunnerWorker.java:53)
at org.testng.SuiteRunnerWorker.run(SuiteRunnerWorker.java:96)
at org.testng.TestNG.runSuitesSequentially(TestNG.java:1212)
at org.testng.TestNG.runSuitesLocally(TestNG.java:1134)
at org.testng.TestNG.runSuites(TestNG.java:1063)
at org.testng.TestNG.run(TestNG.java:1031)
at org.testng.remote.AbstractRemoteTestNG.run(AbstractRemoteTestNG.java:115)
at org.testng.remote.RemoteTestNG.initAndRun(RemoteTestNG.java:251)
at org.testng.remote.RemoteTestNG.main(RemoteTestNG.java:77)
]]>
            </full-stacktrace>
          </exception> <!-- java.lang.ArithmeticException -->
          <reporter-output>
          </reporter-output>
        </test-method> <!-- searchProduct -->
        <test-method status="PASS" signature="addToCart()[pri:3, instance:b1_listenerTest.A1_SampleTest@1060b431]" name="addToCart" duration-ms="12" started-at="2023-02-21T21:24:02 IST" finished-at="2023-02-21T21:24:02 IST">
          <reporter-output>
          </reporter-output>
        </test-method> <!-- addToCart -->
        <test-method status="PASS" signature="payment()[pri:4, instance:b1_listenerTest.A1_SampleTest@1060b431]" name="payment" duration-ms="9" started-at="2023-02-21T21:24:02 IST" finished-at="2023-02-21T21:24:02 IST">
          <reporter-output>
          </reporter-output>
        </test-method> <!-- payment -->
        <test-method status="PASS" signature="cancleOrder()[pri:5, instance:b1_listenerTest.A1_SampleTest@1060b431]" name="cancleOrder" duration-ms="12" started-at="2023-02-21T21:24:02 IST" finished-at="2023-02-21T21:24:02 IST">
          <reporter-output>
          </reporter-output>
        </test-method> <!-- cancleOrder -->
        <test-method status="PASS" signature="trackOrder()[pri:6, instance:b1_listenerTest.A1_SampleTest@1060b431]" name="trackOrder" duration-ms="4" started-at="2023-02-21T21:24:02 IST" finished-at="2023-02-21T21:24:02 IST">
          <reporter-output>
          </reporter-output>
        </test-method> <!-- trackOrder -->
      </class> <!-- b1_listenerTest.A1_SampleTest -->
    </test> <!-- Default test -->
  </suite> <!-- Default suite -->
</testng-results>
