<?xml version="1.0" encoding="UTF-8"?>
<!-- Generated by org.testng.reporters.JUnitXMLReporter -->
<testsuite hostname="LAPTOP-OV4RUVE6" ignored="0" name="DependsOn Methods Test cases" tests="6" failures="1" timestamp="02 Jan 2023 11:13:28 GMT" time="0.03" errors="0">
  <testcase name="loginApp" time="0.005" classname="a1_keyWordTest.A8_DependsOnMethodsTest"/>
  <testcase name="searchProduct" time="0.005" classname="a1_keyWordTest.A8_DependsOnMethodsTest"/>
  <testcase name="addToCart" time="0.0" classname="a1_keyWordTest.A8_DependsOnMethodsTest">
    <failure type="java.lang.ArithmeticException" message="/ by zero">
      <![CDATA[java.lang.ArithmeticException: / by zeroat a1_keyWordTest.A8_DependsOnMethodsTest.addToCart(A8_DependsOnMethodsTest.java:17)... Removed 25 stack frames]]>
    </failure>
  </testcase> <!-- addToCart -->
  <testcase name="payment" time="0.0" classname="a1_keyWordTest.A8_DependsOnMethodsTest">
    <skipped/>
  </testcase> <!-- payment -->
  <testcase name="cancelOrder" time="0.0" classname="a1_keyWordTest.A8_DependsOnMethodsTest">
    <skipped/>
  </testcase> <!-- cancelOrder -->
  <testcase name="trackOrder" time="0.0" classname="a1_keyWordTest.A8_DependsOnMethodsTest">
    <skipped/>
  </testcase> <!-- trackOrder -->
</testsuite> <!-- DependsOn Methods Test cases -->
