<?xml version="1.0" encoding="UTF-8"?>
<!-- Generated by org.testng.reporters.JUnitXMLReporter -->
<testsuite hostname="LAPTOP-OV4RUVE6" ignored="0" name="Priority Test cases" tests="6" failures="0" timestamp="02 Jan 2023 11:13:28 GMT" time="0.091" errors="0">
  <testcase name="loginApp" time="0.015" classname="a1_keyWordTest.A4_PriorityTest"/>
  <testcase name="searchProduct" time="0.005" classname="a1_keyWordTest.A4_PriorityTest"/>
  <testcase name="addToCart" time="0.005" classname="a1_keyWordTest.A4_PriorityTest"/>
  <testcase name="payment" time="0.0" classname="a1_keyWordTest.A4_PriorityTest"/>
  <testcase name="cancleOrder" time="0.005" classname="a1_keyWordTest.A4_PriorityTest"/>
  <testcase name="trackOrder" time="0.0" classname="a1_keyWordTest.A4_PriorityTest"/>
</testsuite> <!-- Priority Test cases -->
