<?xml version="1.0" encoding="UTF-8"?>
<!-- Generated by org.testng.reporters.JUnitXMLReporter -->
<testsuite hostname="LAPTOP-OV4RUVE6" ignored="1" name="Test2" tests="5" failures="0" timestamp="2023-02-21T20:43:25 IST" time="0.027" errors="0">
  <testcase name="loginApp" time="0.002" classname="a6_groupsTest.A1_GroupsTest"/>
  <testcase name="searchProduct" time="0.002" classname="a6_groupsTest.A1_GroupsTest"/>
  <testcase name="addToCart" time="0.003" classname="a6_groupsTest.A1_GroupsTest"/>
  <testcase name="payment" time="0.004" classname="a6_groupsTest.A1_GroupsTest"/>
  <testcase name="cancleOrder" time="0.001" classname="a6_groupsTest.A1_GroupsTest"/>
  <testcase name="trackOrder" time="0.0" classname="a6_groupsTest.A1_GroupsTest">
    <ignored/>
  </testcase> <!-- trackOrder -->
</testsuite> <!-- Test2 -->
